<?xml version="1.0" encoding="UTF-8"?>
<testsuite xmlns:xsi="http://www.w3.org/2001/XMLSchema-instance" xsi:noNamespaceSchemaLocation="https://maven.apache.org/surefire/maven-surefire-plugin/xsd/surefire-test-report-3.0.xsd" version="3.0" name="praktikum.BurgerTest" time="0.836" tests="32" errors="0" skipped="0" failures="0">
  <properties>
[...]
</properties>
  <testcase name="testRemoveSingleIngredient" classname="praktikum.BurgerTest" time="0.663"/>
  <testcase name="testInitialIngredientsState" classname="praktikum.BurgerTest" time="0.0"/>
  <testcase name="testAddMultipleIngredients" classname="praktikum.BurgerTest" time="0.0"/>
  <testcase name="testGetReceiptMultipleSauces" classname="praktikum.BurgerTest" time="0.027"/>
  <testcase name="testGetReceiptWithSauceIngredient" classname="praktikum.BurgerTest" time="0.004"/>
  <testcase name="testGetReceiptMultipleFillings" classname="praktikum.BurgerTest" time="0.008"/>
  <testcase name="testGetPriceOnlyBun" classname="praktikum.BurgerTest" time="0.0"/>
  <testcase name="testGetReceiptMockVerifications" classname="praktikum.BurgerTest" time="0.012"/>
  <testcase name="testGetReceiptWithFillingIngredient" classname="praktikum.BurgerTest" time="0.002"/>
  <testcase name="testGetReceiptWithMixedIngredients" classname="praktikum.BurgerTest" time="0.004"/>
  <testcase name="testGetPriceWithFloatPrices" classname="praktikum.BurgerTest" time="0.001"/>
  <testcase name="testSetBunsReplacesPreviousBun" classname="praktikum.BurgerTest" time="0.001"/>
  <testcase name="testRemoveLastIngredient" classname="praktikum.BurgerTest" time="0.0"/>
  <testcase name="testAddIngredientsInSequence" classname="praktikum.BurgerTest" time="0.001"/>
  <testcase name="testRemoveIngredientsSequentially" classname="praktikum.BurgerTest" time="0.003"/>
  <testcase name="testMoveIngredientToBeginning" classname="praktikum.BurgerTest" time="0.0"/>
  <testcase name="testRemoveIngredientFromMiddle" classname="praktikum.BurgerTest" time="0.0"/>
  <testcase name="testGetReceiptFormatting" classname="praktikum.BurgerTest" time="0.003"/>
  <testcase name="testRemoveIngredient" classname="praktikum.BurgerTest" time="0.0"/>
  <testcase name="testMoveIngredient" classname="praktikum.BurgerTest" time="0.001"/>
  <testcase name="testMoveIngredientToMiddle" classname="praktikum.BurgerTest" time="0.001"/>
  <testcase name="testInitialBunState" classname="praktikum.BurgerTest" time="0.001"/>
  <testcase name="testGetReceiptEmptyBurger" classname="praktikum.BurgerTest" time="0.002"/>
  <testcase name="testGetPriceWithMultipleIngredients" classname="praktikum.BurgerTest" time="0.001"/>
  <testcase name="testGetPriceWithOneIngredient" classname="praktikum.BurgerTest" time="0.001"/>
  <testcase name="testGetPriceCalculatesCorrectBunPrice" classname="praktikum.BurgerTest" time="0.001"/>
  <testcase name="testGetPriceWithZeroPrices" classname="praktikum.BurgerTest" time="0.001"/>
  <testcase name="testSetBuns" classname="praktikum.BurgerTest" time="0.0"/>
  <testcase name="testMoveIngredientFromMiddle" classname="praktikum.BurgerTest" time="0.0"/>
  <testcase name="testAddIngredient" classname="praktikum.BurgerTest" time="0.0"/>
  <testcase name="testGetPriceMockVerification" classname="praktikum.BurgerTest" time="0.002"/>
  <testcase name="testMoveIngredientInTwoElementList" classname="praktikum.BurgerTest" time="0.001"/>
</testsuite>